17:54:03 NOTE  title :Individuals Count of Events
17:54:03 NOTE  xlabels :['00: Bethany McCarthy', '01: Elizabeth May', '02: Muhammad Tomlinson', '03: Keira Giles', '04: Maisie May', '05: Kieran Lawson', '06: Isabel Law', '07: Elizabeth Lynch', '08: Jasmine Pollard', '09: Emma Scott', '10: Tia Frost', '11: Jude Bradshaw', '12: Jay Stewart', '13: Joseph Read', '14: Muhammad Grant', '15: Jessica Johnston', '16: Benjamin Donnelly', '17: Abby Mason', '18: John Hunt', '19: Louie Simmons', '20: Ben Kennedy', '21: Jamie Austin', '22: Kai Freeman', '23: Aimee Booth', '24: Gabriel Burton', '25: Jamie Davison', '26: Poppy Middleton', '27: Hannah Gilbert', '28: Aimee Holland', '29: Nicholas Armstrong', '30: Noah Carroll', '31: Sofia Hopkins', '32: Cameron Rowley', "33: Benjamin O'Brien", '34: Sam Hunt', '35: Amber Iqbal', '36: Elise Oliver', '37: Bailey Dean', '38: Sophie Walsh', '39: Ruby Whittaker', '40: Chelsea Robson', '41: Alice Armstrong', '42: Charlotte Storey', '43: Bethany Burrows', '44: Isaac Lucas', '45: Caitlin Reeves', '46: Elizabeth Todd', '47: Eva Cameron', '48: Noah Ryan', '49: Robert Walton', '50: Lauren Gough']
17:54:03 NOTE  ylabels :['GestationalDiabetes:Birth', 'GestationalDiabetes:Male', 'GestationalDiabetes:ConceiveFirstChild', 'GestationalDiabetes:GPvisit', 'GestationalDiabetes:Childless']
17:54:03 NOTE  data :{'index': array([ 82,  99,  37,  22,  97,  80,  63,  20,  30, 114, 109,  11,  55,
         6,   3,  74,  91, 112,  25,  23,  79,  96, 113,  26,  85,  44,
       102,  38,  69,  15,  60,  61,  16,  31,  67, 107,  49,  90,  27,
        64,  46,  87, 104,  29,  66,  28,  65,  62,  18,   7,  56,   1,
        52,  40,  84, 101,  10,  58,  48,  73,  86, 103,  36,  35, 118,
         8, 108,  71,  45,   0,  51,  92,   4,  75,  59,  13,   9,  57,
         2,  53,  33, 116,  50,  89, 106,  68,  34,  95,  78,  19,  32,
       100,  83,  14, 110,  24,  81,  98,  12,  76,  93,  43, 105,  88,
        72,  47, 115,  41,  94,  77,  17,  21, 111,   5,  54,  39,  70,
        42, 117]), 'Pathway:Node': array(['GestationalDiabetes:ConceiveFirstChild',
       'GestationalDiabetes:GPvisit', 'GestationalDiabetes:Birth',
       'GestationalDiabetes:Birth', 'GestationalDiabetes:GPvisit',
       'GestationalDiabetes:ConceiveFirstChild',
       'GestationalDiabetes:Male', 'GestationalDiabetes:Birth',
       'GestationalDiabetes:Birth', 'GestationalDiabetes:Childless',
       'GestationalDiabetes:Childless', 'GestationalDiabetes:Birth',
       'GestationalDiabetes:Male', 'GestationalDiabetes:Birth',
       'GestationalDiabetes:Birth',
       'GestationalDiabetes:ConceiveFirstChild',
       'GestationalDiabetes:GPvisit', 'GestationalDiabetes:Childless',
       'GestationalDiabetes:Birth', 'GestationalDiabetes:Birth',
       'GestationalDiabetes:ConceiveFirstChild',
       'GestationalDiabetes:GPvisit', 'GestationalDiabetes:Childless',
       'GestationalDiabetes:Birth',
       'GestationalDiabetes:ConceiveFirstChild',
       'GestationalDiabetes:Birth', 'GestationalDiabetes:GPvisit',
       'GestationalDiabetes:Birth', 'GestationalDiabetes:Male',
       'GestationalDiabetes:Birth', 'GestationalDiabetes:Male',
       'GestationalDiabetes:Male', 'GestationalDiabetes:Birth',
       'GestationalDiabetes:Birth', 'GestationalDiabetes:Male',
       'GestationalDiabetes:GPvisit', 'GestationalDiabetes:Birth',
       'GestationalDiabetes:ConceiveFirstChild',
       'GestationalDiabetes:Birth', 'GestationalDiabetes:Male',
       'GestationalDiabetes:Birth',
       'GestationalDiabetes:ConceiveFirstChild',
       'GestationalDiabetes:GPvisit', 'GestationalDiabetes:Birth',
       'GestationalDiabetes:Male', 'GestationalDiabetes:Birth',
       'GestationalDiabetes:Male', 'GestationalDiabetes:Male',
       'GestationalDiabetes:Birth', 'GestationalDiabetes:Birth',
       'GestationalDiabetes:Male', 'GestationalDiabetes:Birth',
       'GestationalDiabetes:Male', 'GestationalDiabetes:Birth',
       'GestationalDiabetes:ConceiveFirstChild',
       'GestationalDiabetes:GPvisit', 'GestationalDiabetes:Birth',
       'GestationalDiabetes:Male', 'GestationalDiabetes:Birth',
       'GestationalDiabetes:Male',
       'GestationalDiabetes:ConceiveFirstChild',
       'GestationalDiabetes:GPvisit', 'GestationalDiabetes:Birth',
       'GestationalDiabetes:Birth', 'GestationalDiabetes:Childless',
       'GestationalDiabetes:Birth', 'GestationalDiabetes:Childless',
       'GestationalDiabetes:Male', 'GestationalDiabetes:Birth',
       'GestationalDiabetes:Birth', 'GestationalDiabetes:Male',
       'GestationalDiabetes:GPvisit', 'GestationalDiabetes:Birth',
       'GestationalDiabetes:ConceiveFirstChild',
       'GestationalDiabetes:Male', 'GestationalDiabetes:Birth',
       'GestationalDiabetes:Birth', 'GestationalDiabetes:Male',
       'GestationalDiabetes:Birth', 'GestationalDiabetes:Male',
       'GestationalDiabetes:Birth', 'GestationalDiabetes:Childless',
       'GestationalDiabetes:Birth',
       'GestationalDiabetes:ConceiveFirstChild',
       'GestationalDiabetes:GPvisit', 'GestationalDiabetes:Male',
       'GestationalDiabetes:Birth', 'GestationalDiabetes:GPvisit',
       'GestationalDiabetes:ConceiveFirstChild',
       'GestationalDiabetes:Birth', 'GestationalDiabetes:Birth',
       'GestationalDiabetes:GPvisit',
       'GestationalDiabetes:ConceiveFirstChild',
       'GestationalDiabetes:Birth', 'GestationalDiabetes:Childless',
       'GestationalDiabetes:Birth',
       'GestationalDiabetes:ConceiveFirstChild',
       'GestationalDiabetes:GPvisit', 'GestationalDiabetes:Birth',
       'GestationalDiabetes:ConceiveFirstChild',
       'GestationalDiabetes:GPvisit', 'GestationalDiabetes:Birth',
       'GestationalDiabetes:GPvisit',
       'GestationalDiabetes:ConceiveFirstChild',
       'GestationalDiabetes:Male', 'GestationalDiabetes:Birth',
       'GestationalDiabetes:Childless', 'GestationalDiabetes:Birth',
       'GestationalDiabetes:GPvisit',
       'GestationalDiabetes:ConceiveFirstChild',
       'GestationalDiabetes:Birth', 'GestationalDiabetes:Birth',
       'GestationalDiabetes:Childless', 'GestationalDiabetes:Birth',
       'GestationalDiabetes:Male', 'GestationalDiabetes:Birth',
       'GestationalDiabetes:Male', 'GestationalDiabetes:Birth',
       'GestationalDiabetes:Childless'], dtype=object), 'Person': array(['00: Bethany McCarthy', '00: Bethany McCarthy',
       '00: Bethany McCarthy', '01: Elizabeth May', '01: Elizabeth May',
       '01: Elizabeth May', '02: Muhammad Tomlinson',
       '02: Muhammad Tomlinson', '03: Keira Giles', '03: Keira Giles',
       '04: Maisie May', '04: Maisie May', '05: Kieran Lawson',
       '05: Kieran Lawson', '06: Isabel Law', '06: Isabel Law',
       '06: Isabel Law', '07: Elizabeth Lynch', '07: Elizabeth Lynch',
       '08: Jasmine Pollard', '08: Jasmine Pollard',
       '08: Jasmine Pollard', '09: Emma Scott', '09: Emma Scott',
       '10: Tia Frost', '10: Tia Frost', '10: Tia Frost',
       '11: Jude Bradshaw', '11: Jude Bradshaw', '12: Jay Stewart',
       '12: Jay Stewart', '13: Joseph Read', '13: Joseph Read',
       '14: Muhammad Grant', '14: Muhammad Grant', '15: Jessica Johnston',
       '15: Jessica Johnston', '15: Jessica Johnston',
       '16: Benjamin Donnelly', '16: Benjamin Donnelly', '17: Abby Mason',
       '17: Abby Mason', '17: Abby Mason', '18: John Hunt',
       '18: John Hunt', '19: Louie Simmons', '19: Louie Simmons',
       '20: Ben Kennedy', '20: Ben Kennedy', '21: Jamie Austin',
       '21: Jamie Austin', '22: Kai Freeman', '22: Kai Freeman',
       '23: Aimee Booth', '23: Aimee Booth', '23: Aimee Booth',
       '24: Gabriel Burton', '24: Gabriel Burton', '25: Jamie Davison',
       '25: Jamie Davison', '26: Poppy Middleton', '26: Poppy Middleton',
       '26: Poppy Middleton', '27: Hannah Gilbert', '27: Hannah Gilbert',
       '28: Aimee Holland', '28: Aimee Holland', '29: Nicholas Armstrong',
       '29: Nicholas Armstrong', '30: Noah Carroll', '30: Noah Carroll',
       '31: Sofia Hopkins', '31: Sofia Hopkins', '31: Sofia Hopkins',
       '32: Cameron Rowley', '32: Cameron Rowley', "33: Benjamin O'Brien",
       "33: Benjamin O'Brien", '34: Sam Hunt', '34: Sam Hunt',
       '35: Amber Iqbal', '35: Amber Iqbal', '36: Elise Oliver',
       '36: Elise Oliver', '36: Elise Oliver', '37: Bailey Dean',
       '37: Bailey Dean', '38: Sophie Walsh', '38: Sophie Walsh',
       '38: Sophie Walsh', '39: Ruby Whittaker', '39: Ruby Whittaker',
       '39: Ruby Whittaker', '40: Chelsea Robson', '40: Chelsea Robson',
       '41: Alice Armstrong', '41: Alice Armstrong',
       '41: Alice Armstrong', '42: Charlotte Storey',
       '42: Charlotte Storey', '42: Charlotte Storey',
       '43: Bethany Burrows', '43: Bethany Burrows',
       '43: Bethany Burrows', '44: Isaac Lucas', '44: Isaac Lucas',
       '45: Caitlin Reeves', '45: Caitlin Reeves', '46: Elizabeth Todd',
       '46: Elizabeth Todd', '46: Elizabeth Todd', '47: Eva Cameron',
       '47: Eva Cameron', '48: Noah Ryan', '48: Noah Ryan',
       '49: Robert Walton', '49: Robert Walton', '50: Lauren Gough',
       '50: Lauren Gough'], dtype=object), 'Count': array([1, 1, 4, 4, 1, 1, 1, 4, 4, 1, 1, 4, 1, 4, 4, 1, 1, 1, 4, 4, 1, 1,
       1, 4, 1, 4, 1, 4, 1, 4, 1, 1, 4, 4, 1, 1, 4, 1, 4, 1, 4, 1, 1, 4,
       1, 4, 1, 1, 4, 4, 1, 4, 1, 4, 1, 1, 4, 1, 4, 1, 1, 1, 4, 4, 1, 4,
       1, 1, 4, 4, 1, 1, 4, 1, 1, 4, 4, 1, 4, 1, 4, 1, 4, 1, 1, 1, 4, 1,
       1, 4, 4, 1, 1, 4, 1, 4, 1, 1, 4, 1, 1, 4, 1, 1, 1, 4, 1, 4, 1, 1,
       4, 4, 1, 4, 1, 4, 1, 4, 1]), 'ScaledSize': array([ 7.5,  7.5, 30. , 30. ,  7.5,  7.5,  7.5, 30. , 30. ,  7.5,  7.5,
       30. ,  7.5, 30. , 30. ,  7.5,  7.5,  7.5, 30. , 30. ,  7.5,  7.5,
        7.5, 30. ,  7.5, 30. ,  7.5, 30. ,  7.5, 30. ,  7.5,  7.5, 30. ,
       30. ,  7.5,  7.5, 30. ,  7.5, 30. ,  7.5, 30. ,  7.5,  7.5, 30. ,
        7.5, 30. ,  7.5,  7.5, 30. , 30. ,  7.5, 30. ,  7.5, 30. ,  7.5,
        7.5, 30. ,  7.5, 30. ,  7.5,  7.5,  7.5, 30. , 30. ,  7.5, 30. ,
        7.5,  7.5, 30. , 30. ,  7.5,  7.5, 30. ,  7.5,  7.5, 30. , 30. ,
        7.5, 30. ,  7.5, 30. ,  7.5, 30. ,  7.5,  7.5,  7.5, 30. ,  7.5,
        7.5, 30. , 30. ,  7.5,  7.5, 30. ,  7.5, 30. ,  7.5,  7.5, 30. ,
        7.5,  7.5, 30. ,  7.5,  7.5,  7.5, 30. ,  7.5, 30. ,  7.5,  7.5,
       30. , 30. ,  7.5, 30. ,  7.5, 30. ,  7.5, 30. ,  7.5])}
17:54:03 NOTE  title :Events by Decade
17:54:03 NOTE  xlabels :['1920', '1930', '1940', '1950', '1960', '1970', '1980', '1990', '2000', '2010', '2030', '2040', '2050', '2020']
17:54:03 NOTE  ylabels :['GestationalDiabetes:Birth', 'GestationalDiabetes:Male', 'GestationalDiabetes:ConceiveFirstChild', 'GestationalDiabetes:GPvisit', 'GestationalDiabetes:Childless']
17:54:03 NOTE  data :{'index': array([ 0,  1,  2,  3,  4,  5,  6,  7,  8,  9, 10, 11, 12, 13, 14, 15, 16,
       17, 18, 19, 20, 21, 22, 23, 24, 25, 26, 27, 28, 29, 30, 31, 32, 33,
       34, 35, 36, 37, 38, 39, 40]), 'Pathway:Node': array(['GestationalDiabetes:Birth', 'GestationalDiabetes:Birth',
       'GestationalDiabetes:Birth', 'GestationalDiabetes:Birth',
       'GestationalDiabetes:Birth', 'GestationalDiabetes:Birth',
       'GestationalDiabetes:Birth', 'GestationalDiabetes:Birth',
       'GestationalDiabetes:Birth', 'GestationalDiabetes:Birth',
       'GestationalDiabetes:Male', 'GestationalDiabetes:Male',
       'GestationalDiabetes:Male', 'GestationalDiabetes:Male',
       'GestationalDiabetes:Male', 'GestationalDiabetes:Male',
       'GestationalDiabetes:Male', 'GestationalDiabetes:Male',
       'GestationalDiabetes:Male',
       'GestationalDiabetes:ConceiveFirstChild',
       'GestationalDiabetes:ConceiveFirstChild',
       'GestationalDiabetes:ConceiveFirstChild',
       'GestationalDiabetes:ConceiveFirstChild',
       'GestationalDiabetes:ConceiveFirstChild',
       'GestationalDiabetes:ConceiveFirstChild',
       'GestationalDiabetes:ConceiveFirstChild',
       'GestationalDiabetes:ConceiveFirstChild',
       'GestationalDiabetes:GPvisit', 'GestationalDiabetes:GPvisit',
       'GestationalDiabetes:GPvisit', 'GestationalDiabetes:GPvisit',
       'GestationalDiabetes:GPvisit', 'GestationalDiabetes:GPvisit',
       'GestationalDiabetes:GPvisit', 'GestationalDiabetes:GPvisit',
       'GestationalDiabetes:Childless', 'GestationalDiabetes:Childless',
       'GestationalDiabetes:Childless', 'GestationalDiabetes:Childless',
       'GestationalDiabetes:Childless', 'GestationalDiabetes:Childless'],
      dtype=object), 'Date': array(['1920', '1930', '1940', '1950', '1960', '1970', '1980', '1990',
       '2000', '2010', '1920', '1930', '1940', '1950', '1960', '1980',
       '1990', '2000', '2010', '1950', '1980', '1990', '2000', '2010',
       '2030', '2040', '2050', '1950', '1980', '1990', '2000', '2010',
       '2030', '2040', '2050', '1960', '1980', '1990', '2000', '2020',
       '2030'], dtype=object), 'UniqueCount': array([3, 3, 5, 5, 5, 6, 7, 7, 5, 5, 3, 1, 4, 2, 3, 4, 3, 1, 2, 1, 2, 2,
       3, 2, 5, 1, 1, 1, 2, 2, 3, 2, 5, 1, 1, 1, 2, 2, 2, 3, 1]), 'ScaledSize': array([12.85714286, 12.85714286, 21.42857143, 21.42857143, 21.42857143,
       25.71428571, 30.        , 30.        , 21.42857143, 21.42857143,
       12.85714286,  4.28571429, 17.14285714,  8.57142857, 12.85714286,
       17.14285714, 12.85714286,  4.28571429,  8.57142857,  4.28571429,
        8.57142857,  8.57142857, 12.85714286,  8.57142857, 21.42857143,
        4.28571429,  4.28571429,  4.28571429,  8.57142857,  8.57142857,
       12.85714286,  8.57142857, 21.42857143,  4.28571429,  4.28571429,
        4.28571429,  8.57142857,  8.57142857,  8.57142857, 12.85714286,
        4.28571429])}
17:54:03 NOTE  title :Individuals Events Over Time
17:54:03 NOTE  xlabels :None
17:54:03 NOTE  ylabels :['GestationalDiabetes:Birth', 'GestationalDiabetes:Male', 'GestationalDiabetes:ConceiveFirstChild', 'GestationalDiabetes:GPvisit', 'GestationalDiabetes:Childless']
17:54:03 NOTE  data :{'index': array([  0,   1,   2,   3,   4,   5,   6,   7,   8,   9,  10,  11,  12,
        13,  14,  15,  16,  17,  18,  19,  20,  21,  22,  23,  24,  25,
        26,  27,  28,  29,  30,  31,  32,  33,  34,  35,  36,  37,  38,
        39,  40,  41,  42,  43,  44,  45,  46,  47,  48,  49,  50,  51,
        52,  53,  54,  55,  56,  57,  58,  59,  60,  61,  62,  63,  64,
        65,  66,  67,  68,  69,  70,  71,  72,  73,  74,  75,  76,  77,
        78,  79,  80,  81,  82,  83,  84,  85,  86,  87,  88,  89,  90,
        91,  92,  93,  94,  95,  96,  97,  98,  99, 100, 101, 102, 103,
       104, 105, 106, 107, 108, 109, 110, 111, 112, 113, 114, 115, 116,
       117, 118]), 'Pathway:Node': array(['GestationalDiabetes:Birth', 'GestationalDiabetes:Birth',
       'GestationalDiabetes:Birth', 'GestationalDiabetes:Birth',
       'GestationalDiabetes:Birth', 'GestationalDiabetes:Birth',
       'GestationalDiabetes:Birth', 'GestationalDiabetes:Birth',
       'GestationalDiabetes:Birth', 'GestationalDiabetes:Birth',
       'GestationalDiabetes:Birth', 'GestationalDiabetes:Birth',
       'GestationalDiabetes:Birth', 'GestationalDiabetes:Birth',
       'GestationalDiabetes:Birth', 'GestationalDiabetes:Birth',
       'GestationalDiabetes:Birth', 'GestationalDiabetes:Birth',
       'GestationalDiabetes:Birth', 'GestationalDiabetes:Birth',
       'GestationalDiabetes:Birth', 'GestationalDiabetes:Birth',
       'GestationalDiabetes:Birth', 'GestationalDiabetes:Birth',
       'GestationalDiabetes:Birth', 'GestationalDiabetes:Birth',
       'GestationalDiabetes:Birth', 'GestationalDiabetes:Birth',
       'GestationalDiabetes:Birth', 'GestationalDiabetes:Birth',
       'GestationalDiabetes:Birth', 'GestationalDiabetes:Birth',
       'GestationalDiabetes:Birth', 'GestationalDiabetes:Birth',
       'GestationalDiabetes:Birth', 'GestationalDiabetes:Birth',
       'GestationalDiabetes:Birth', 'GestationalDiabetes:Birth',
       'GestationalDiabetes:Birth', 'GestationalDiabetes:Birth',
       'GestationalDiabetes:Birth', 'GestationalDiabetes:Birth',
       'GestationalDiabetes:Birth', 'GestationalDiabetes:Birth',
       'GestationalDiabetes:Birth', 'GestationalDiabetes:Birth',
       'GestationalDiabetes:Birth', 'GestationalDiabetes:Birth',
       'GestationalDiabetes:Birth', 'GestationalDiabetes:Birth',
       'GestationalDiabetes:Birth', 'GestationalDiabetes:Male',
       'GestationalDiabetes:Male', 'GestationalDiabetes:Male',
       'GestationalDiabetes:Male', 'GestationalDiabetes:Male',
       'GestationalDiabetes:Male', 'GestationalDiabetes:Male',
       'GestationalDiabetes:Male', 'GestationalDiabetes:Male',
       'GestationalDiabetes:Male', 'GestationalDiabetes:Male',
       'GestationalDiabetes:Male', 'GestationalDiabetes:Male',
       'GestationalDiabetes:Male', 'GestationalDiabetes:Male',
       'GestationalDiabetes:Male', 'GestationalDiabetes:Male',
       'GestationalDiabetes:Male', 'GestationalDiabetes:Male',
       'GestationalDiabetes:Male', 'GestationalDiabetes:Male',
       'GestationalDiabetes:Male', 'GestationalDiabetes:Male',
       'GestationalDiabetes:ConceiveFirstChild',
       'GestationalDiabetes:ConceiveFirstChild',
       'GestationalDiabetes:ConceiveFirstChild',
       'GestationalDiabetes:ConceiveFirstChild',
       'GestationalDiabetes:ConceiveFirstChild',
       'GestationalDiabetes:ConceiveFirstChild',
       'GestationalDiabetes:ConceiveFirstChild',
       'GestationalDiabetes:ConceiveFirstChild',
       'GestationalDiabetes:ConceiveFirstChild',
       'GestationalDiabetes:ConceiveFirstChild',
       'GestationalDiabetes:ConceiveFirstChild',
       'GestationalDiabetes:ConceiveFirstChild',
       'GestationalDiabetes:ConceiveFirstChild',
       'GestationalDiabetes:ConceiveFirstChild',
       'GestationalDiabetes:ConceiveFirstChild',
       'GestationalDiabetes:ConceiveFirstChild',
       'GestationalDiabetes:ConceiveFirstChild',
       'GestationalDiabetes:GPvisit', 'GestationalDiabetes:GPvisit',
       'GestationalDiabetes:GPvisit', 'GestationalDiabetes:GPvisit',
       'GestationalDiabetes:GPvisit', 'GestationalDiabetes:GPvisit',
       'GestationalDiabetes:GPvisit', 'GestationalDiabetes:GPvisit',
       'GestationalDiabetes:GPvisit', 'GestationalDiabetes:GPvisit',
       'GestationalDiabetes:GPvisit', 'GestationalDiabetes:GPvisit',
       'GestationalDiabetes:GPvisit', 'GestationalDiabetes:GPvisit',
       'GestationalDiabetes:GPvisit', 'GestationalDiabetes:GPvisit',
       'GestationalDiabetes:GPvisit', 'GestationalDiabetes:Childless',
       'GestationalDiabetes:Childless', 'GestationalDiabetes:Childless',
       'GestationalDiabetes:Childless', 'GestationalDiabetes:Childless',
       'GestationalDiabetes:Childless', 'GestationalDiabetes:Childless',
       'GestationalDiabetes:Childless', 'GestationalDiabetes:Childless',
       'GestationalDiabetes:Childless', 'GestationalDiabetes:Childless'],
      dtype=object), 'Date': array(['1921-01-30T00:00:00.000000000', '1926-02-12T00:00:00.000000000',
       '1927-01-08T00:00:00.000000000', '1936-11-05T00:00:00.000000000',
       '1938-03-05T00:00:00.000000000', '1938-09-29T00:00:00.000000000',
       '1940-11-24T00:00:00.000000000', '1941-01-08T00:00:00.000000000',
       '1941-07-31T00:00:00.000000000', '1942-12-03T00:00:00.000000000',
       '1949-04-09T00:00:00.000000000', '1953-04-08T00:00:00.000000000',
       '1956-02-07T00:00:00.000000000', '1956-06-21T00:00:00.000000000',
       '1958-02-03T00:00:00.000000000', '1959-10-25T00:00:00.000000000',
       '1961-01-26T00:00:00.000000000', '1964-03-06T00:00:00.000000000',
       '1968-04-23T00:00:00.000000000', '1969-07-27T00:00:00.000000000',
       '1969-11-20T00:00:00.000000000', '1970-11-20T00:00:00.000000000',
       '1971-03-28T00:00:00.000000000', '1972-04-20T00:00:00.000000000',
       '1976-09-12T00:00:00.000000000', '1976-12-04T00:00:00.000000000',
       '1979-02-01T00:00:00.000000000', '1980-01-17T00:00:00.000000000',
       '1980-06-04T00:00:00.000000000', '1981-12-23T00:00:00.000000000',
       '1984-02-02T00:00:00.000000000', '1986-09-02T00:00:00.000000000',
       '1988-06-11T00:00:00.000000000', '1989-03-31T00:00:00.000000000',
       '1990-03-03T00:00:00.000000000', '1992-03-31T00:00:00.000000000',
       '1993-04-03T00:00:00.000000000', '1993-09-13T00:00:00.000000000',
       '1994-10-24T00:00:00.000000000', '1996-05-03T00:00:00.000000000',
       '1998-03-08T00:00:00.000000000', '2002-03-26T00:00:00.000000000',
       '2003-07-26T00:00:00.000000000', '2004-01-18T00:00:00.000000000',
       '2007-07-24T00:00:00.000000000', '2008-08-25T00:00:00.000000000',
       '2010-04-14T00:00:00.000000000', '2011-11-06T00:00:00.000000000',
       '2012-08-09T00:00:00.000000000', '2015-08-23T00:00:00.000000000',
       '2018-02-26T00:00:00.000000000', '1921-01-30T00:00:00.000000000',
       '1926-02-12T00:00:00.000000000', '1927-01-08T00:00:00.000000000',
       '1938-09-29T00:00:00.000000000', '1940-11-24T00:00:00.000000000',
       '1941-01-08T00:00:00.000000000', '1942-12-03T00:00:00.000000000',
       '1949-04-09T00:00:00.000000000', '1956-06-21T00:00:00.000000000',
       '1959-10-25T00:00:00.000000000', '1961-01-26T00:00:00.000000000',
       '1968-04-23T00:00:00.000000000', '1969-11-20T00:00:00.000000000',
       '1980-01-17T00:00:00.000000000', '1980-06-04T00:00:00.000000000',
       '1981-12-23T00:00:00.000000000', '1986-09-02T00:00:00.000000000',
       '1990-03-03T00:00:00.000000000', '1994-10-24T00:00:00.000000000',
       '1996-05-03T00:00:00.000000000', '2008-08-25T00:00:00.000000000',
       '2011-11-06T00:00:00.000000000', '2012-08-09T00:00:00.000000000',
       '1957-04-28T00:00:00.000000000', '1981-02-13T00:00:00.000000000',
       '1982-11-26T00:00:00.000000000', '1990-08-02T00:00:00.000000000',
       '1998-05-13T00:00:00.000000000', '2002-11-10T00:00:00.000000000',
       '2003-07-04T00:00:00.000000000', '2007-11-08T00:00:00.000000000',
       '2013-09-11T00:00:00.000000000', '2018-01-11T00:00:00.000000000',
       '2031-08-06T00:00:00.000000000', '2032-05-01T00:00:00.000000000',
       '2036-12-10T00:00:00.000000000', '2038-03-27T00:00:00.000000000',
       '2038-04-22T00:00:00.000000000', '2048-08-16T00:00:00.000000000',
       '2055-05-05T00:00:00.000000000', '1957-07-06T00:00:00.000000000',
       '1981-05-02T00:00:00.000000000', '1983-02-06T00:00:00.000000000',
       '1990-10-01T00:00:00.000000000', '1998-08-01T00:00:00.000000000',
       '2003-01-11T00:00:00.000000000', '2003-09-05T00:00:00.000000000',
       '2008-01-07T00:00:00.000000000', '2013-11-18T00:00:00.000000000',
       '2018-03-24T00:00:00.000000000', '2031-10-14T00:00:00.000000000',
       '2032-07-21T00:00:00.000000000', '2037-02-06T00:00:00.000000000',
       '2038-06-01T00:00:00.000000000', '2038-06-25T00:00:00.000000000',
       '2048-10-19T00:00:00.000000000', '2055-07-15T00:00:00.000000000',
       '1969-12-03T00:00:00.000000000', '1986-01-09T00:00:00.000000000',
       '1986-03-24T00:00:00.000000000', '1993-02-26T00:00:00.000000000',
       '1997-08-28T00:00:00.000000000', '2003-07-12T00:00:00.000000000',
       '2004-06-14T00:00:00.000000000', '2024-02-14T00:00:00.000000000',
       '2024-07-28T00:00:00.000000000', '2026-06-29T00:00:00.000000000',
       '2033-12-25T00:00:00.000000000'], dtype='datetime64[ns]'), 'PID': array(['30', '22', '34', '6', '31', '48', '5', '21', '28', '33', '24',
       '4', '42', '32', '40', '12', '13', '46', '20', '38', '2', '47',
       '1', '8', '41', '7', '9', '16', '19', '18', '3', '14', '39', '35',
       '37', '27', '26', '0', '11', '49', '23', '45', '50', '43', '10',
       '29', '17', '44', '25', '15', '36', '30', '22', '34', '48', '5',
       '21', '33', '24', '32', '12', '13', '20', '2', '16', '19', '18',
       '14', '37', '11', '49', '29', '44', '25', '6', '31', '42', '46',
       '38', '8', '1', '41', '0', '39', '23', '10', '26', '17', '43',
       '36', '15', '6', '31', '42', '46', '38', '8', '1', '41', '0', '39',
       '23', '10', '26', '17', '43', '36', '15', '28', '4', '40', '47',
       '7', '9', '3', '45', '35', '50', '27'], dtype=object)}
