17:53:59 00102 INFO: Converting BPMN pathway GestationalDiabetes.bpmn to json...
17:53:59 00103 INFO: Initial node created: Birth
17:53:59 00103 INFO: Simple node created: GenderDecision
17:53:59 00103 INFO: Simple node created: CheckHasOneChild
17:53:59 00103 INFO: Simple node created: ConceiveFirstChild
17:53:59 00103 INFO: Simple node created: GPvisit
17:53:59 00103 INFO: Simple node created: FirstAntenatal
17:53:59 00103 INFO: Delay node created: Wait4Conception "Wait for Conception"
17:53:59 00103 INFO: Delay node created: WaitToSeeGP "Wait to See GP"
17:53:59 00103 INFO: Delay node created: Wait2SeeMidwife "Wait to see midwife"
17:53:59 00103 INFO: Terminal node created: Childless
17:53:59 00103 INFO: Terminal node created: Finish
17:53:59 00103 INFO: Terminal node created: Male
17:53:59 00105 INFO: Direct Transition for Birth added: GenderDecision
17:53:59 00105 INFO: Conditional Transition for GenderDecision added: p['Gender']p['Gender']'Male'Male
17:53:59 00105 INFO: Conditional Transition for GenderDecision added: p['Gender']p['Gender']'Female'Wait4Conception
17:53:59 00105 INFO: Direct Transition for Wait4Conception added: CheckHasOneChild
17:53:59 00105 INFO: Conditional Transition for CheckHasOneChild added: p['HasFirstChild']p['HasFirstChild']TrueConceiveFirstChild
17:53:59 00105 INFO: Conditional Transition for CheckHasOneChild added: p['HasFirstChild']p['HasFirstChild']FalseChildless
17:53:59 00105 INFO: Direct Transition for ConceiveFirstChild added: WaitToSeeGP
17:53:59 00105 INFO: Direct Transition for WaitToSeeGP added: GPvisit
17:53:59 00105 INFO: Direct Transition for GPvisit added: Wait2SeeMidwife
17:53:59 00105 INFO: Direct Transition for Wait2SeeMidwife added: FirstAntenatal
17:53:59 00105 INFO: Direct Transition for FirstAntenatal added: Finish
17:53:59 NOTE  Looking for attributes from setAttribute for GestationalDiabetes Birth
17:53:59 NOTE  Adding attribute from setAttribute for GestationalDiabetes Birth
17:53:59 NOTE  Looking for attributes from setAttribute for GestationalDiabetes Birth
17:53:59 NOTE  Adding attribute from setAttribute for GestationalDiabetes Birth
17:53:59 NOTE  Looking for attributes from setAttribute for GestationalDiabetes Birth
17:53:59 NOTE  Adding attribute from setAttribute for GestationalDiabetes Birth
17:53:59 NOTE  Looking for attributes from setAttribute for GestationalDiabetes Birth
17:53:59 NOTE  Adding attribute from setAttribute for GestationalDiabetes Birth
17:53:59 00106 INFO: Pathway GestationalDiabetes.json has been converted to json successfully.
